  test.cpp
C:\Users\27849\Documents\Stellenbosch\4\Skripsie\repo\Skripsie Project\Skripsie Project\predefined_luts.h(56,1): warning C4838: conversion from 'int' to 'const int16_t' requires a narrowing conversion
C:\Users\27849\Documents\Stellenbosch\4\Skripsie\repo\Skripsie Project\Skripsie Project\predefined_luts.h(56,1): warning C4309: 'initializing': truncation of constant value
C:\Users\27849\Documents\Stellenbosch\4\Skripsie\repo\Skripsie Project\Skripsie Project\predefined_luts.h(56,8): warning C4838: conversion from 'int' to 'const int16_t' requires a narrowing conversion
C:\Users\27849\Documents\Stellenbosch\4\Skripsie\repo\Skripsie Project\Skripsie Project\predefined_luts.h(56,8): warning C4309: 'initializing': truncation of constant value
C:\Users\27849\Documents\Stellenbosch\4\Skripsie\repo\Skripsie Project\Skripsie Project\predefined_luts.h(56,15): warning C4838: conversion from 'int' to 'const int16_t' requires a narrowing conversion
C:\Users\27849\Documents\Stellenbosch\4\Skripsie\repo\Skripsie Project\Skripsie Project\predefined_luts.h(56,15): warning C4309: 'initializing': truncation of constant value
C:\Users\27849\Documents\Stellenbosch\4\Skripsie\repo\Skripsie Project\Skripsie Project\predefined_luts.h(56,22): warning C4838: conversion from 'int' to 'const int16_t' requires a narrowing conversion
C:\Users\27849\Documents\Stellenbosch\4\Skripsie\repo\Skripsie Project\Skripsie Project\predefined_luts.h(56,22): warning C4309: 'initializing': truncation of constant value
C:\Users\27849\Documents\Stellenbosch\4\Skripsie\repo\Skripsie Project\Skripsie Project\predefined_luts.h(56,29): warning C4838: conversion from 'int' to 'const int16_t' requires a narrowing conversion
C:\Users\27849\Documents\Stellenbosch\4\Skripsie\repo\Skripsie Project\Skripsie Project\predefined_luts.h(56,29): warning C4309: 'initializing': truncation of constant value
C:\Users\27849\Documents\Stellenbosch\4\Skripsie\repo\Skripsie Project\Skripsie Project\predefined_luts.h(56,36): warning C4838: conversion from 'int' to 'const int16_t' requires a narrowing conversion
C:\Users\27849\Documents\Stellenbosch\4\Skripsie\repo\Skripsie Project\Skripsie Project\predefined_luts.h(56,36): warning C4309: 'initializing': truncation of constant value
C:\Users\27849\Documents\Stellenbosch\4\Skripsie\repo\Skripsie Project\Skripsie Project\predefined_luts.h(56,43): warning C4838: conversion from 'int' to 'const int16_t' requires a narrowing conversion
C:\Users\27849\Documents\Stellenbosch\4\Skripsie\repo\Skripsie Project\Skripsie Project\predefined_luts.h(56,43): warning C4309: 'initializing': truncation of constant value
C:\Users\27849\Documents\Stellenbosch\4\Skripsie\repo\Skripsie Project\Skripsie Project\predefined_luts.h(56,50): warning C4838: conversion from 'int' to 'const int16_t' requires a narrowing conversion
C:\Users\27849\Documents\Stellenbosch\4\Skripsie\repo\Skripsie Project\Skripsie Project\predefined_luts.h(56,50): warning C4309: 'initializing': truncation of constant value
C:\Users\27849\Documents\Stellenbosch\4\Skripsie\repo\Skripsie Project\Skripsie Project\predefined_luts.h(57,1): warning C4838: conversion from 'int' to 'const int16_t' requires a narrowing conversion
C:\Users\27849\Documents\Stellenbosch\4\Skripsie\repo\Skripsie Project\Skripsie Project\predefined_luts.h(57,1): warning C4309: 'initializing': truncation of constant value
C:\Users\27849\Documents\Stellenbosch\4\Skripsie\repo\Skripsie Project\Skripsie Project\predefined_luts.h(57,8): warning C4838: conversion from 'int' to 'const int16_t' requires a narrowing conversion
C:\Users\27849\Documents\Stellenbosch\4\Skripsie\repo\Skripsie Project\Skripsie Project\predefined_luts.h(57,8): warning C4309: 'initializing': truncation of constant value
C:\Users\27849\Documents\Stellenbosch\4\Skripsie\repo\Skripsie Project\Skripsie Project\predefined_luts.h(57,15): warning C4838: conversion from 'int' to 'const int16_t' requires a narrowing conversion
C:\Users\27849\Documents\Stellenbosch\4\Skripsie\repo\Skripsie Project\Skripsie Project\predefined_luts.h(57,15): warning C4309: 'initializing': truncation of constant value
C:\Users\27849\Documents\Stellenbosch\4\Skripsie\repo\Skripsie Project\Skripsie Project\predefined_luts.h(57,22): warning C4838: conversion from 'int' to 'const int16_t' requires a narrowing conversion
C:\Users\27849\Documents\Stellenbosch\4\Skripsie\repo\Skripsie Project\Skripsie Project\predefined_luts.h(57,22): warning C4309: 'initializing': truncation of constant value
C:\Users\27849\Documents\Stellenbosch\4\Skripsie\repo\Skripsie Project\Skripsie Project\predefined_luts.h(57,29): warning C4838: conversion from 'int' to 'const int16_t' requires a narrowing conversion
C:\Users\27849\Documents\Stellenbosch\4\Skripsie\repo\Skripsie Project\Skripsie Project\predefined_luts.h(57,29): warning C4309: 'initializing': truncation of constant value
C:\Users\27849\Documents\Stellenbosch\4\Skripsie\repo\Skripsie Project\Skripsie Project\predefined_luts.h(57,36): warning C4838: conversion from 'int' to 'const int16_t' requires a narrowing conversion
C:\Users\27849\Documents\Stellenbosch\4\Skripsie\repo\Skripsie Project\Skripsie Project\predefined_luts.h(57,36): warning C4309: 'initializing': truncation of constant value
C:\Users\27849\Documents\Stellenbosch\4\Skripsie\repo\Skripsie Project\Skripsie Project\predefined_luts.h(57,43): warning C4838: conversion from 'int' to 'const int16_t' requires a narrowing conversion
C:\Users\27849\Documents\Stellenbosch\4\Skripsie\repo\Skripsie Project\Skripsie Project\predefined_luts.h(57,43): warning C4309: 'initializing': truncation of constant value
C:\Users\27849\Documents\Stellenbosch\4\Skripsie\repo\Skripsie Project\Skripsie Project\predefined_luts.h(57,50): warning C4838: conversion from 'int' to 'const int16_t' requires a narrowing conversion
C:\Users\27849\Documents\Stellenbosch\4\Skripsie\repo\Skripsie Project\Skripsie Project\predefined_luts.h(57,50): warning C4309: 'initializing': truncation of constant value
C:\Users\27849\Documents\Stellenbosch\4\Skripsie\repo\Skripsie Project\Skripsie Project\predefined_luts.h(58,1): warning C4838: conversion from 'int' to 'const int16_t' requires a narrowing conversion
C:\Users\27849\Documents\Stellenbosch\4\Skripsie\repo\Skripsie Project\Skripsie Project\predefined_luts.h(58,1): warning C4309: 'initializing': truncation of constant value
C:\Users\27849\Documents\Stellenbosch\4\Skripsie\repo\Skripsie Project\Skripsie Project\predefined_luts.h(58,8): warning C4838: conversion from 'int' to 'const int16_t' requires a narrowing conversion
C:\Users\27849\Documents\Stellenbosch\4\Skripsie\repo\Skripsie Project\Skripsie Project\predefined_luts.h(58,8): warning C4309: 'initializing': truncation of constant value
C:\Users\27849\Documents\Stellenbosch\4\Skripsie\repo\Skripsie Project\Skripsie Project\predefined_luts.h(58,15): warning C4838: conversion from 'int' to 'const int16_t' requires a narrowing conversion
C:\Users\27849\Documents\Stellenbosch\4\Skripsie\repo\Skripsie Project\Skripsie Project\predefined_luts.h(58,15): warning C4309: 'initializing': truncation of constant value
C:\Users\27849\Documents\Stellenbosch\4\Skripsie\repo\Skripsie Project\Skripsie Project\predefined_luts.h(58,22): warning C4838: conversion from 'int' to 'const int16_t' requires a narrowing conversion
C:\Users\27849\Documents\Stellenbosch\4\Skripsie\repo\Skripsie Project\Skripsie Project\predefined_luts.h(58,22): warning C4309: 'initializing': truncation of constant value
C:\Users\27849\Documents\Stellenbosch\4\Skripsie\repo\Skripsie Project\Skripsie Project\predefined_luts.h(58,29): warning C4838: conversion from 'int' to 'const int16_t' requires a narrowing conversion
C:\Users\27849\Documents\Stellenbosch\4\Skripsie\repo\Skripsie Project\Skripsie Project\predefined_luts.h(58,29): warning C4309: 'initializing': truncation of constant value
C:\Users\27849\Documents\Stellenbosch\4\Skripsie\repo\Skripsie Project\Skripsie Project\predefined_luts.h(58,36): warning C4838: conversion from 'int' to 'const int16_t' requires a narrowing conversion
C:\Users\27849\Documents\Stellenbosch\4\Skripsie\repo\Skripsie Project\Skripsie Project\predefined_luts.h(58,36): warning C4309: 'initializing': truncation of constant value
C:\Users\27849\Documents\Stellenbosch\4\Skripsie\repo\Skripsie Project\Skripsie Project\predefined_luts.h(58,43): warning C4838: conversion from 'int' to 'const int16_t' requires a narrowing conversion
C:\Users\27849\Documents\Stellenbosch\4\Skripsie\repo\Skripsie Project\Skripsie Project\predefined_luts.h(58,43): warning C4309: 'initializing': truncation of constant value
C:\Users\27849\Documents\Stellenbosch\4\Skripsie\repo\Skripsie Project\Skripsie Project\predefined_luts.h(58,50): warning C4838: conversion from 'int' to 'const int16_t' requires a narrowing conversion
C:\Users\27849\Documents\Stellenbosch\4\Skripsie\repo\Skripsie Project\Skripsie Project\predefined_luts.h(58,50): warning C4309: 'initializing': truncation of constant value
C:\Users\27849\Documents\Stellenbosch\4\Skripsie\repo\Skripsie Project\Skripsie Project\predefined_luts.h(59,1): warning C4838: conversion from 'int' to 'const int16_t' requires a narrowing conversion
C:\Users\27849\Documents\Stellenbosch\4\Skripsie\repo\Skripsie Project\Skripsie Project\predefined_luts.h(59,1): warning C4309: 'initializing': truncation of constant value
C:\Users\27849\Documents\Stellenbosch\4\Skripsie\repo\Skripsie Project\Skripsie Project\predefined_luts.h(59,8): warning C4838: conversion from 'int' to 'const int16_t' requires a narrowing conversion
C:\Users\27849\Documents\Stellenbosch\4\Skripsie\repo\Skripsie Project\Skripsie Project\predefined_luts.h(59,8): warning C4309: 'initializing': truncation of constant value
C:\Users\27849\Documents\Stellenbosch\4\Skripsie\repo\Skripsie Project\Skripsie Project\predefined_luts.h(59,15): warning C4838: conversion from 'int' to 'const int16_t' requires a narrowing conversion
C:\Users\27849\Documents\Stellenbosch\4\Skripsie\repo\Skripsie Project\Skripsie Project\predefined_luts.h(59,15): warning C4309: 'initializing': truncation of constant value
C:\Users\27849\Documents\Stellenbosch\4\Skripsie\repo\Skripsie Project\Skripsie Project\predefined_luts.h(59,22): warning C4838: conversion from 'int' to 'const int16_t' requires a narrowing conversion
C:\Users\27849\Documents\Stellenbosch\4\Skripsie\repo\Skripsie Project\Skripsie Project\predefined_luts.h(59,22): warning C4309: 'initializing': truncation of constant value
C:\Users\27849\Documents\Stellenbosch\4\Skripsie\repo\Skripsie Project\Skripsie Project\predefined_luts.h(59,29): warning C4838: conversion from 'int' to 'const int16_t' requires a narrowing conversion
C:\Users\27849\Documents\Stellenbosch\4\Skripsie\repo\Skripsie Project\Skripsie Project\predefined_luts.h(59,29): warning C4309: 'initializing': truncation of constant value
C:\Users\27849\Documents\Stellenbosch\4\Skripsie\repo\Skripsie Project\Skripsie Project\predefined_luts.h(59,36): warning C4838: conversion from 'int' to 'const int16_t' requires a narrowing conversion
C:\Users\27849\Documents\Stellenbosch\4\Skripsie\repo\Skripsie Project\Skripsie Project\predefined_luts.h(59,36): warning C4309: 'initializing': truncation of constant value
C:\Users\27849\Documents\Stellenbosch\4\Skripsie\repo\Skripsie Project\Skripsie Project\predefined_luts.h(59,43): warning C4838: conversion from 'int' to 'const int16_t' requires a narrowing conversion
C:\Users\27849\Documents\Stellenbosch\4\Skripsie\repo\Skripsie Project\Skripsie Project\predefined_luts.h(59,43): warning C4309: 'initializing': truncation of constant value
C:\Users\27849\Documents\Stellenbosch\4\Skripsie\repo\Skripsie Project\Skripsie Project\predefined_luts.h(59,50): warning C4838: conversion from 'int' to 'const int16_t' requires a narrowing conversion
C:\Users\27849\Documents\Stellenbosch\4\Skripsie\repo\Skripsie Project\Skripsie Project\predefined_luts.h(59,50): warning C4309: 'initializing': truncation of constant value
C:\Users\27849\Documents\Stellenbosch\4\Skripsie\repo\Skripsie Project\Skripsie Project\predefined_luts.h(60,1): warning C4838: conversion from 'int' to 'const int16_t' requires a narrowing conversion
C:\Users\27849\Documents\Stellenbosch\4\Skripsie\repo\Skripsie Project\Skripsie Project\predefined_luts.h(60,1): warning C4309: 'initializing': truncation of constant value
C:\Users\27849\Documents\Stellenbosch\4\Skripsie\repo\Skripsie Project\Skripsie Project\predefined_luts.h(60,8): warning C4838: conversion from 'int' to 'const int16_t' requires a narrowing conversion
C:\Users\27849\Documents\Stellenbosch\4\Skripsie\repo\Skripsie Project\Skripsie Project\predefined_luts.h(60,8): warning C4309: 'initializing': truncation of constant value
C:\Users\27849\Documents\Stellenbosch\4\Skripsie\repo\Skripsie Project\Skripsie Project\predefined_luts.h(60,15): warning C4838: conversion from 'int' to 'const int16_t' requires a narrowing conversion
C:\Users\27849\Documents\Stellenbosch\4\Skripsie\repo\Skripsie Project\Skripsie Project\predefined_luts.h(60,15): warning C4309: 'initializing': truncation of constant value
C:\Users\27849\Documents\Stellenbosch\4\Skripsie\repo\Skripsie Project\Skripsie Project\predefined_luts.h(60,22): warning C4838: conversion from 'int' to 'const int16_t' requires a narrowing conversion
C:\Users\27849\Documents\Stellenbosch\4\Skripsie\repo\Skripsie Project\Skripsie Project\predefined_luts.h(60,22): warning C4309: 'initializing': truncation of constant value
C:\Users\27849\Documents\Stellenbosch\4\Skripsie\repo\Skripsie Project\Skripsie Project\predefined_luts.h(60,29): warning C4838: conversion from 'int' to 'const int16_t' requires a narrowing conversion
C:\Users\27849\Documents\Stellenbosch\4\Skripsie\repo\Skripsie Project\Skripsie Project\predefined_luts.h(60,29): warning C4309: 'initializing': truncation of constant value
C:\Users\27849\Documents\Stellenbosch\4\Skripsie\repo\Skripsie Project\Skripsie Project\predefined_luts.h(60,36): warning C4838: conversion from 'int' to 'const int16_t' requires a narrowing conversion
C:\Users\27849\Documents\Stellenbosch\4\Skripsie\repo\Skripsie Project\Skripsie Project\predefined_luts.h(60,36): warning C4309: 'initializing': truncation of constant value
C:\Users\27849\Documents\Stellenbosch\4\Skripsie\repo\Skripsie Project\Skripsie Project\predefined_luts.h(60,43): warning C4838: conversion from 'int' to 'const int16_t' requires a narrowing conversion
C:\Users\27849\Documents\Stellenbosch\4\Skripsie\repo\Skripsie Project\Skripsie Project\predefined_luts.h(60,43): warning C4309: 'initializing': truncation of constant value
C:\Users\27849\Documents\Stellenbosch\4\Skripsie\repo\Skripsie Project\Skripsie Project\predefined_luts.h(60,50): warning C4838: conversion from 'int' to 'const int16_t' requires a narrowing conversion
C:\Users\27849\Documents\Stellenbosch\4\Skripsie\repo\Skripsie Project\Skripsie Project\predefined_luts.h(60,50): warning C4309: 'initializing': truncation of constant value
C:\Users\27849\Documents\Stellenbosch\4\Skripsie\repo\Skripsie Project\Skripsie Project\predefined_luts.h(61,1): warning C4838: conversion from 'int' to 'const int16_t' requires a narrowing conversion
C:\Users\27849\Documents\Stellenbosch\4\Skripsie\repo\Skripsie Project\Skripsie Project\predefined_luts.h(61,1): warning C4309: 'initializing': truncation of constant value
C:\Users\27849\Documents\Stellenbosch\4\Skripsie\repo\Skripsie Project\Skripsie Project\predefined_luts.h(61,8): warning C4838: conversion from 'int' to 'const int16_t' requires a narrowing conversion
C:\Users\27849\Documents\Stellenbosch\4\Skripsie\repo\Skripsie Project\Skripsie Project\predefined_luts.h(61,8): warning C4309: 'initializing': truncation of constant value
C:\Users\27849\Documents\Stellenbosch\4\Skripsie\repo\Skripsie Project\Skripsie Project\predefined_luts.h(61,15): warning C4838: conversion from 'int' to 'const int16_t' requires a narrowing conversion
C:\Users\27849\Documents\Stellenbosch\4\Skripsie\repo\Skripsie Project\Skripsie Project\predefined_luts.h(61,15): warning C4309: 'initializing': truncation of constant value
C:\Users\27849\Documents\Stellenbosch\4\Skripsie\repo\Skripsie Project\Skripsie Project\predefined_luts.h(61,22): warning C4838: conversion from 'int' to 'const int16_t' requires a narrowing conversion
C:\Users\27849\Documents\Stellenbosch\4\Skripsie\repo\Skripsie Project\Skripsie Project\predefined_luts.h(61,22): warning C4309: 'initializing': truncation of constant value
C:\Users\27849\Documents\Stellenbosch\4\Skripsie\repo\Skripsie Project\Skripsie Project\predefined_luts.h(61,29): warning C4838: conversion from 'int' to 'const int16_t' requires a narrowing conversion
C:\Users\27849\Documents\Stellenbosch\4\Skripsie\repo\Skripsie Project\Skripsie Project\predefined_luts.h(61,29): warning C4309: 'initializing': truncation of constant value
C:\Users\27849\Documents\Stellenbosch\4\Skripsie\repo\Skripsie Project\Skripsie Project\predefined_luts.h(61,36): warning C4838: conversion from 'int' to 'const int16_t' requires a narrowing conversion
C:\Users\27849\Documents\Stellenbosch\4\Skripsie\repo\Skripsie Project\Skripsie Project\predefined_luts.h(61,36): warning C4309: 'initializing': truncation of constant value
C:\Users\27849\Documents\Stellenbosch\4\Skripsie\repo\Skripsie Project\Skripsie Project\predefined_luts.h(61,43): warning C4838: conversion from 'int' to 'const int16_t' requires a narrowing conversion
C:\Users\27849\Documents\Stellenbosch\4\Skripsie\repo\Skripsie Project\Skripsie Project\predefined_luts.h(61,43): warning C4309: 'initializing': truncation of constant value
C:\Users\27849\Documents\Stellenbosch\4\Skripsie\repo\Skripsie Project\Skripsie Project\predefined_luts.h(61,50): warning C4838: conversion from 'int' to 'const int16_t' requires a narrowing conversion
C:\Users\27849\Documents\Stellenbosch\4\Skripsie\repo\Skripsie Project\Skripsie Project\predefined_luts.h(61,50): warning C4309: 'initializing': truncation of constant value
C:\Users\27849\Documents\Stellenbosch\4\Skripsie\repo\Skripsie Project\Skripsie Project\predefined_luts.h(62,1): warning C4838: conversion from 'int' to 'const int16_t' requires a narrowing conversion
C:\Users\27849\Documents\Stellenbosch\4\Skripsie\repo\Skripsie Project\Skripsie Project\predefined_luts.h(62,1): warning C4309: 'initializing': truncation of constant value
C:\Users\27849\Documents\Stellenbosch\4\Skripsie\repo\Skripsie Project\Skripsie Project\predefined_luts.h(62,8): warning C4838: conversion from 'int' to 'const int16_t' requires a narrowing conversion
C:\Users\27849\Documents\Stellenbosch\4\Skripsie\repo\Skripsie Project\Skripsie Project\predefined_luts.h(62,8): warning C4309: 'initializing': truncation of constant value
C:\Users\27849\Documents\Stellenbosch\4\Skripsie\repo\Skripsie Project\Skripsie Project\predefined_luts.h(62,15): warning C4838: conversion from 'int' to 'const int16_t' requires a narrowing conversion
C:\Users\27849\Documents\Stellenbosch\4\Skripsie\repo\Skripsie Project\Skripsie Project\predefined_luts.h(62,15): warning C4309: 'initializing': truncation of constant value
C:\Users\27849\Documents\Stellenbosch\4\Skripsie\repo\Skripsie Project\Skripsie Project\predefined_luts.h(62,22): warning C4838: conversion from 'int' to 'const int16_t' requires a narrowing conversion
C:\Users\27849\Documents\Stellenbosch\4\Skripsie\repo\Skripsie Project\Skripsie Project\predefined_luts.h(62,22): warning C4309: 'initializing': truncation of constant value
C:\Users\27849\Documents\Stellenbosch\4\Skripsie\repo\Skripsie Project\Skripsie Project\predefined_luts.h(62,29): warning C4838: conversion from 'int' to 'const int16_t' requires a narrowing conversion
C:\Users\27849\Documents\Stellenbosch\4\Skripsie\repo\Skripsie Project\Skripsie Project\predefined_luts.h(62,29): warning C4309: 'initializing': truncation of constant value
C:\Users\27849\Documents\Stellenbosch\4\Skripsie\repo\Skripsie Project\Skripsie Project\predefined_luts.h(62,36): warning C4838: conversion from 'int' to 'const int16_t' requires a narrowing conversion
C:\Users\27849\Documents\Stellenbosch\4\Skripsie\repo\Skripsie Project\Skripsie Project\predefined_luts.h(62,36): warning C4309: 'initializing': truncation of constant value
C:\Users\27849\Documents\Stellenbosch\4\Skripsie\repo\Skripsie Project\Skripsie Project\predefined_luts.h(62,43): warning C4838: conversion from 'int' to 'const int16_t' requires a narrowing conversion
C:\Users\27849\Documents\Stellenbosch\4\Skripsie\repo\Skripsie Project\Skripsie Project\predefined_luts.h(62,43): warning C4309: 'initializing': truncation of constant value
C:\Users\27849\Documents\Stellenbosch\4\Skripsie\repo\Skripsie Project\Skripsie Project\predefined_luts.h(62,50): warning C4838: conversion from 'int' to 'const int16_t' requires a narrowing conversion
C:\Users\27849\Documents\Stellenbosch\4\Skripsie\repo\Skripsie Project\Skripsie Project\predefined_luts.h(62,50): warning C4309: 'initializing': truncation of constant value
C:\Users\27849\Documents\Stellenbosch\4\Skripsie\repo\Skripsie Project\Skripsie Project\predefined_luts.h(63,1): warning C4838: conversion from 'int' to 'const int16_t' requires a narrowing conversion
C:\Users\27849\Documents\Stellenbosch\4\Skripsie\repo\Skripsie Project\Skripsie Project\predefined_luts.h(63,1): warning C4309: 'initializing': truncation of constant value
C:\Users\27849\Documents\Stellenbosch\4\Skripsie\repo\Skripsie Project\Skripsie Project\predefined_luts.h(63,8): warning C4838: conversion from 'int' to 'const int16_t' requires a narrowing conversion
C:\Users\27849\Documents\Stellenbosch\4\Skripsie\repo\Skripsie Project\Skripsie Project\predefined_luts.h(63,8): warning C4309: 'initializing': truncation of constant value
C:\Users\27849\Documents\Stellenbosch\4\Skripsie\repo\Skripsie Project\Skripsie Project\predefined_luts.h(63,15): warning C4838: conversion from 'int' to 'const int16_t' requires a narrowing conversion
C:\Users\27849\Documents\Stellenbosch\4\Skripsie\repo\Skripsie Project\Skripsie Project\predefined_luts.h(63,15): warning C4309: 'initializing': truncation of constant value
C:\Users\27849\Documents\Stellenbosch\4\Skripsie\repo\Skripsie Project\Skripsie Project\predefined_luts.h(63,22): warning C4838: conversion from 'int' to 'const int16_t' requires a narrowing conversion
C:\Users\27849\Documents\Stellenbosch\4\Skripsie\repo\Skripsie Project\Skripsie Project\predefined_luts.h(63,22): warning C4309: 'initializing': truncation of constant value
C:\Users\27849\Documents\Stellenbosch\4\Skripsie\repo\Skripsie Project\Skripsie Project\predefined_luts.h(63,29): warning C4838: conversion from 'int' to 'const int16_t' requires a narrowing conversion
C:\Users\27849\Documents\Stellenbosch\4\Skripsie\repo\Skripsie Project\Skripsie Project\predefined_luts.h(63,29): warning C4309: 'initializing': truncation of constant value
C:\Users\27849\Documents\Stellenbosch\4\Skripsie\repo\Skripsie Project\Skripsie Project\predefined_luts.h(63,36): warning C4838: conversion from 'int' to 'const int16_t' requires a narrowing conversion
C:\Users\27849\Documents\Stellenbosch\4\Skripsie\repo\Skripsie Project\Skripsie Project\predefined_luts.h(63,36): warning C4309: 'initializing': truncation of constant value
C:\Users\27849\Documents\Stellenbosch\4\Skripsie\repo\Skripsie Project\Skripsie Project\predefined_luts.h(63,43): warning C4838: conversion from 'int' to 'const int16_t' requires a narrowing conversion
C:\Users\27849\Documents\Stellenbosch\4\Skripsie\repo\Skripsie Project\Skripsie Project\predefined_luts.h(63,43): warning C4309: 'initializing': truncation of constant value
C:\Users\27849\Documents\Stellenbosch\4\Skripsie\repo\Skripsie Project\Skripsie Project\predefined_luts.h(63,50): warning C4838: conversion from 'int' to 'const int16_t' requires a narrowing conversion
C:\Users\27849\Documents\Stellenbosch\4\Skripsie\repo\Skripsie Project\Skripsie Project\predefined_luts.h(63,50): warning C4309: 'initializing': truncation of constant value
C:\Users\27849\Documents\Stellenbosch\4\Skripsie\repo\Skripsie Project\Skripsie Project\predefined_luts.h(64,1): warning C4838: conversion from 'int' to 'const int16_t' requires a narrowing conversion
C:\Users\27849\Documents\Stellenbosch\4\Skripsie\repo\Skripsie Project\Skripsie Project\predefined_luts.h(64,1): warning C4309: 'initializing': truncation of constant value
C:\Users\27849\Documents\Stellenbosch\4\Skripsie\repo\Skripsie Project\Skripsie Project\predefined_luts.h(64,8): warning C4838: conversion from 'int' to 'const int16_t' requires a narrowing conversion
C:\Users\27849\Documents\Stellenbosch\4\Skripsie\repo\Skripsie Project\Skripsie Project\predefined_luts.h(64,8): warning C4309: 'initializing': truncation of constant value
C:\Users\27849\Documents\Stellenbosch\4\Skripsie\repo\Skripsie Project\Skripsie Project\predefined_luts.h(64,15): warning C4838: conversion from 'int' to 'const int16_t' requires a narrowing conversion
C:\Users\27849\Documents\Stellenbosch\4\Skripsie\repo\Skripsie Project\Skripsie Project\predefined_luts.h(64,15): warning C4309: 'initializing': truncation of constant value
C:\Users\27849\Documents\Stellenbosch\4\Skripsie\repo\Skripsie Project\Skripsie Project\predefined_luts.h(64,22): warning C4838: conversion from 'int' to 'const int16_t' requires a narrowing conversion
C:\Users\27849\Documents\Stellenbosch\4\Skripsie\repo\Skripsie Project\Skripsie Project\predefined_luts.h(64,22): warning C4309: 'initializing': truncation of constant value
C:\Users\27849\Documents\Stellenbosch\4\Skripsie\repo\Skripsie Project\Skripsie Project\predefined_luts.h(64,29): warning C4838: conversion from 'int' to 'const int16_t' requires a narrowing conversion
C:\Users\27849\Documents\Stellenbosch\4\Skripsie\repo\Skripsie Project\Skripsie Project\predefined_luts.h(64,29): warning C4309: 'initializing': truncation of constant value
C:\Users\27849\Documents\Stellenbosch\4\Skripsie\repo\Skripsie Project\Skripsie Project\predefined_luts.h(64,36): warning C4838: conversion from 'int' to 'const int16_t' requires a narrowing conversion
C:\Users\27849\Documents\Stellenbosch\4\Skripsie\repo\Skripsie Project\Skripsie Project\predefined_luts.h(64,36): warning C4309: 'initializing': truncation of constant value
C:\Users\27849\Documents\Stellenbosch\4\Skripsie\repo\Skripsie Project\Skripsie Project\predefined_luts.h(64,43): warning C4838: conversion from 'int' to 'const int16_t' requires a narrowing conversion
C:\Users\27849\Documents\Stellenbosch\4\Skripsie\repo\Skripsie Project\Skripsie Project\predefined_luts.h(64,43): warning C4309: 'initializing': truncation of constant value
C:\Users\27849\Documents\Stellenbosch\4\Skripsie\repo\Skripsie Project\Skripsie Project\predefined_luts.h(64,50): warning C4838: conversion from 'int' to 'const int16_t' requires a narrowing conversion
C:\Users\27849\Documents\Stellenbosch\4\Skripsie\repo\Skripsie Project\Skripsie Project\predefined_luts.h(64,50): warning C4309: 'initializing': truncation of constant value
C:\Users\27849\Documents\Stellenbosch\4\Skripsie\repo\Skripsie Project\Skripsie Project\predefined_luts.h(65,1): warning C4838: conversion from 'int' to 'const int16_t' requires a narrowing conversion
C:\Users\27849\Documents\Stellenbosch\4\Skripsie\repo\Skripsie Project\Skripsie Project\predefined_luts.h(65,1): warning C4309: 'initializing': truncation of constant value
C:\Users\27849\Documents\Stellenbosch\4\Skripsie\repo\Skripsie Project\Skripsie Project\predefined_luts.h(65,8): warning C4838: conversion from 'int' to 'const int16_t' requires a narrowing conversion
C:\Users\27849\Documents\Stellenbosch\4\Skripsie\repo\Skripsie Project\Skripsie Project\predefined_luts.h(65,8): warning C4309: 'initializing': truncation of constant value
C:\Users\27849\Documents\Stellenbosch\4\Skripsie\repo\Skripsie Project\Skripsie Project\predefined_luts.h(65,15): warning C4838: conversion from 'int' to 'const int16_t' requires a narrowing conversion
C:\Users\27849\Documents\Stellenbosch\4\Skripsie\repo\Skripsie Project\Skripsie Project\predefined_luts.h(65,15): warning C4309: 'initializing': truncation of constant value
C:\Users\27849\Documents\Stellenbosch\4\Skripsie\repo\Skripsie Project\Skripsie Project\predefined_luts.h(65,22): warning C4838: conversion from 'int' to 'const int16_t' requires a narrowing conversion
C:\Users\27849\Documents\Stellenbosch\4\Skripsie\repo\Skripsie Project\Skripsie Project\predefined_luts.h(65,22): warning C4309: 'initializing': truncation of constant value
C:\Users\27849\Documents\Stellenbosch\4\Skripsie\repo\Skripsie Project\Skripsie Project\predefined_luts.h(65,29): warning C4838: conversion from 'int' to 'const int16_t' requires a narrowing conversion
C:\Users\27849\Documents\Stellenbosch\4\Skripsie\repo\Skripsie Project\Skripsie Project\predefined_luts.h(65,29): warning C4309: 'initializing': truncation of constant value
C:\Users\27849\Documents\Stellenbosch\4\Skripsie\repo\Skripsie Project\Skripsie Project\predefined_luts.h(65,36): warning C4838: conversion from 'int' to 'const int16_t' requires a narrowing conversion
C:\Users\27849\Documents\Stellenbosch\4\Skripsie\repo\Skripsie Project\Skripsie Project\predefined_luts.h(65,36): warning C4309: 'initializing': truncation of constant value
C:\Users\27849\Documents\Stellenbosch\4\Skripsie\repo\Skripsie Project\Skripsie Project\predefined_luts.h(65,43): warning C4838: conversion from 'int' to 'const int16_t' requires a narrowing conversion
C:\Users\27849\Documents\Stellenbosch\4\Skripsie\repo\Skripsie Project\Skripsie Project\predefined_luts.h(65,43): warning C4309: 'initializing': truncation of constant value
C:\Users\27849\Documents\Stellenbosch\4\Skripsie\repo\Skripsie Project\Skripsie Project\predefined_luts.h(65,50): warning C4838: conversion from 'int' to 'const int16_t' requires a narrowing conversion
C:\Users\27849\Documents\Stellenbosch\4\Skripsie\repo\Skripsie Project\Skripsie Project\predefined_luts.h(65,50): warning C4309: 'initializing': truncation of constant value
C:\Users\27849\Documents\Stellenbosch\4\Skripsie\repo\Skripsie Project\Skripsie Project\init_luts.h(80,38): warning C4244: 'argument': conversion from 'double' to 'float', possible loss of data
  Skripsie Project.vcxproj -> C:\Users\27849\Documents\Stellenbosch\4\Skripsie\repo\Skripsie Project\Debug\Skripsie Project.exe
