  test.cpp
C:\Users\27849\Documents\Stellenbosch\4\Skripsie\repo\Synthesiser Project Final\IIR.h(46,11): warning C4244: 'initializing': conversion from 'double' to 'float', possible loss of data
C:\Users\27849\Documents\Stellenbosch\4\Skripsie\repo\Synthesiser Project Final\IIR.h(76,11): warning C4244: 'initializing': conversion from 'double' to 'float', possible loss of data
C:\Users\27849\Documents\Stellenbosch\4\Skripsie\repo\Synthesiser Project Final\IIR.h(106,11): warning C4244: 'initializing': conversion from 'double' to 'float', possible loss of data
C:\Users\27849\Documents\Stellenbosch\4\Skripsie\repo\Synthesiser Project Final\IIR.h(166,11): warning C4244: 'initializing': conversion from 'double' to 'float', possible loss of data
C:\Users\27849\Documents\Stellenbosch\4\Skripsie\repo\Synthesiser Project Final\waveshape.h(17,16): warning C4244: 'initializing': conversion from 'double' to 'float', possible loss of data
C:\Users\27849\Documents\Stellenbosch\4\Skripsie\repo\Synthesiser Project Final\wavetable.h(30,16): warning C4244: '=': conversion from 'uint16_t' to 'uint8_t', possible loss of data
C:\Users\27849\Documents\Stellenbosch\4\Skripsie\repo\Synthesiser Project Final\notes.h(159,1): warning C4305: 'initializing': truncation from 'double' to 'float'
C:\Users\27849\Documents\Stellenbosch\4\Skripsie\repo\Synthesiser Project Final\notes.h(165,1): warning C4305: 'initializing': truncation from 'double' to 'float'
C:\Users\27849\Documents\Stellenbosch\4\Skripsie\repo\Synthesiser Project Final\generator.h(212,20): warning C4018: '<': signed/unsigned mismatch
C:\Users\27849\Documents\Stellenbosch\4\Skripsie\repo\Synthesiser Project Final\play_notes.h(45,33): warning C4838: conversion from 'double' to 'float' requires a narrowing conversion
C:\Users\27849\Documents\Stellenbosch\4\Skripsie\repo\Synthesiser Project Final\play_notes.h(45,33): warning C4244: 'initializing': conversion from 'double' to 'float', possible loss of data
C:\Users\27849\Documents\Stellenbosch\4\Skripsie\repo\Synthesiser Project Final\play_notes.h(45,78): warning C4838: conversion from 'double' to 'float' requires a narrowing conversion
C:\Users\27849\Documents\Stellenbosch\4\Skripsie\repo\Synthesiser Project Final\play_notes.h(45,78): warning C4244: 'initializing': conversion from 'double' to 'float', possible loss of data
C:\Users\27849\Documents\Stellenbosch\4\Skripsie\repo\Synthesiser Project Final\play_notes.h(45,91): warning C4838: conversion from '_Ty' to 'float' requires a narrowing conversion
          with
          [
              _Ty=smf::uchar
          ]
C:\Users\27849\Documents\Stellenbosch\4\Skripsie\repo\Synthesiser Project Final\play_notes.h(109,41): warning C4244: 'argument': conversion from 'float' to 'uint8_t', possible loss of data
C:\Users\27849\Documents\Stellenbosch\4\Skripsie\repo\Synthesiser Project Final\play_notes.h(128,36): warning C4244: 'argument': conversion from 'float' to 'int', possible loss of data
C:\Users\27849\Documents\Stellenbosch\4\Skripsie\repo\Synthesiser Project Final\test.cpp(34,12): warning C4244: 'argument': conversion from 'time_t' to 'unsigned int', possible loss of data
C:\Users\27849\Documents\Stellenbosch\4\Skripsie\repo\Synthesiser Project Final\test.cpp(183,11): warning C4244: 'initializing': conversion from 'float' to 'int', possible loss of data
  Synthesiser Project Final.vcxproj -> C:\Users\27849\Documents\Stellenbosch\4\Skripsie\repo\Synthesiser Project Final\Debug\Synthesiser Project Final.exe
