c:\users\27849\documents\stellenbosch\4\skripsie\repo\synthesiser project final\debug\vc142.pdb
c:\users\27849\documents\stellenbosch\4\skripsie\repo\synthesiser project final\debug\vc142.idb
c:\users\27849\documents\stellenbosch\4\skripsie\repo\synthesiser project final\debug\test.nativecodeanalysis.sarif
c:\users\27849\documents\stellenbosch\4\skripsie\repo\synthesiser project final\debug\test.nativecodeanalysis.xml
c:\users\27849\documents\stellenbosch\4\skripsie\repo\synthesiser project final\debug\options.nativecodeanalysis.sarif
c:\users\27849\documents\stellenbosch\4\skripsie\repo\synthesiser project final\debug\options.nativecodeanalysis.xml
c:\users\27849\documents\stellenbosch\4\skripsie\repo\synthesiser project final\debug\midimessage.nativecodeanalysis.sarif
c:\users\27849\documents\stellenbosch\4\skripsie\repo\synthesiser project final\debug\midimessage.nativecodeanalysis.xml
c:\users\27849\documents\stellenbosch\4\skripsie\repo\synthesiser project final\debug\midifile.nativecodeanalysis.sarif
c:\users\27849\documents\stellenbosch\4\skripsie\repo\synthesiser project final\debug\midifile.nativecodeanalysis.xml
c:\users\27849\documents\stellenbosch\4\skripsie\repo\synthesiser project final\debug\midieventlist.nativecodeanalysis.sarif
c:\users\27849\documents\stellenbosch\4\skripsie\repo\synthesiser project final\debug\midieventlist.nativecodeanalysis.xml
c:\users\27849\documents\stellenbosch\4\skripsie\repo\synthesiser project final\debug\midievent.nativecodeanalysis.sarif
c:\users\27849\documents\stellenbosch\4\skripsie\repo\synthesiser project final\debug\midievent.nativecodeanalysis.xml
c:\users\27849\documents\stellenbosch\4\skripsie\repo\synthesiser project final\debug\binasc.nativecodeanalysis.sarif
c:\users\27849\documents\stellenbosch\4\skripsie\repo\synthesiser project final\debug\binasc.nativecodeanalysis.xml
c:\users\27849\documents\stellenbosch\4\skripsie\repo\synthesiser project final\debug\binasc.obj
c:\users\27849\documents\stellenbosch\4\skripsie\repo\synthesiser project final\debug\midievent.obj
c:\users\27849\documents\stellenbosch\4\skripsie\repo\synthesiser project final\debug\midieventlist.obj
c:\users\27849\documents\stellenbosch\4\skripsie\repo\synthesiser project final\debug\midifile.obj
c:\users\27849\documents\stellenbosch\4\skripsie\repo\synthesiser project final\debug\midimessage.obj
c:\users\27849\documents\stellenbosch\4\skripsie\repo\synthesiser project final\debug\options.obj
c:\users\27849\documents\stellenbosch\4\skripsie\repo\synthesiser project final\debug\test.obj
c:\users\27849\documents\stellenbosch\4\skripsie\repo\synthesiser project final\debug\synthesiser project final.ilk
c:\users\27849\documents\stellenbosch\4\skripsie\repo\synthesiser project final\debug\synthesiser project final.exe
c:\users\27849\documents\stellenbosch\4\skripsie\repo\synthesiser project final\debug\synthesiser project final.pdb
c:\users\27849\documents\stellenbosch\4\skripsie\repo\synthesiser project final\debug\vc.nativecodeanalysis.all.xml
c:\users\27849\documents\stellenbosch\4\skripsie\repo\synthesiser project final\debug\synthesi.eec4e04d.tlog\cl.command.1.tlog
c:\users\27849\documents\stellenbosch\4\skripsie\repo\synthesiser project final\debug\synthesi.eec4e04d.tlog\cl.read.1.tlog
c:\users\27849\documents\stellenbosch\4\skripsie\repo\synthesiser project final\debug\synthesi.eec4e04d.tlog\cl.write.1.tlog
c:\users\27849\documents\stellenbosch\4\skripsie\repo\synthesiser project final\debug\synthesi.eec4e04d.tlog\link.command.1.tlog
c:\users\27849\documents\stellenbosch\4\skripsie\repo\synthesiser project final\debug\synthesi.eec4e04d.tlog\link.read.1.tlog
c:\users\27849\documents\stellenbosch\4\skripsie\repo\synthesiser project final\debug\synthesi.eec4e04d.tlog\link.write.1.tlog
